MAxPy: PYBIND COMPILATION LOG

Command line:

cmake -G Ninja -B study_param/jpeg_top_copyA_14/ -S study_param/jpeg_top_copyA_14/

Command line:

ninja -C study_param/jpeg_top_copyA_14/

Log from stdout and stderr:

-- The C compiler identification is GNU 12.2.1
-- The CXX compiler identification is GNU 12.2.1
-- Detecting C compiler ABI info
-- Detecting C compiler ABI info - done
-- Check for working C compiler: /usr/bin/cc - skipped
-- Detecting C compile features
-- Detecting C compile features - done
-- Detecting CXX compiler ABI info
-- Detecting CXX compiler ABI info - done
-- Check for working CXX compiler: /usr/bin/c++ - skipped
-- Detecting CXX compile features
-- Detecting CXX compile features - done
-- Found PythonInterp: /usr/bin/python3 (found suitable version "3.10.10", minimum required is "3.6") 
-- Found PythonLibs: /usr/lib/libpython3.10.so
-- Performing Test HAS_FLTO
-- Performing Test HAS_FLTO - Success
-- Found pybind11: /usr/include (found version "2.10.4")
-- Configuring done (0.3s)
-- Generating done (0.0s)
-- Build files have been written to: /home/ysba/meec/trabalho-final/jpegencode/study_param/jpeg_top_copyA_14


05-25-2023 22:04:55

