MAxPy: OpenSTA LOG

Command line:

sta cmd_file.sta

OpenSTA file:

read_liberty /home/ysba/MAxPy/src/MAxPy/pdk/NanGate15nm.lib
read_verilog jpeg_top_exact/netlist_yosys/jpeg_top.v
link_design jpeg_top
report_power -digits 5 >power.rpt
report_checks -unconstrained -path_delay max -format summary -digits 5 >timing.rpt
exit


Log from stdout and stderr:

OpenSTA 2.4.0 1a02072d95 Copyright (c) 2021, Parallax Software, Inc.
License GPLv3: GNU GPL version 3 <http://gnu.org/licenses/gpl.html>

This is free software, and you are free to change and redistribute it
under certain conditions; type `show_copying' for details. 
This program comes with ABSOLUTELY NO WARRANTY; for details type `show_warranty'.
Warning: jpeg_top_exact/netlist_yosys/jpeg_top.v line 399270, module $_NOT_ not found. Creating black box for _396176_.
Warning: jpeg_top_exact/netlist_yosys/jpeg_top.v line 399318, module $_XOR_ not found. Creating black box for _396188_.
Warning: jpeg_top_exact/netlist_yosys/jpeg_top.v line 399389, module $_OR_ not found. Creating black box for _396205_.
Warning: jpeg_top_exact/netlist_yosys/jpeg_top.v line 399413, module $_ORNOT_ not found. Creating black box for _396210_.
Warning: jpeg_top_exact/netlist_yosys/jpeg_top.v line 399418, module $_NAND_ not found. Creating black box for _396211_.
Warning: jpeg_top_exact/netlist_yosys/jpeg_top.v line 399473, module $_NOR_ not found. Creating black box for _396222_.
Warning: jpeg_top_exact/netlist_yosys/jpeg_top.v line 399483, module $_ANDNOT_ not found. Creating black box for _396224_.
Warning: jpeg_top_exact/netlist_yosys/jpeg_top.v line 399503, module $_AND_ not found. Creating black box for _396228_.
Warning: jpeg_top_exact/netlist_yosys/jpeg_top.v line 400285, module $_MUX_ not found. Creating black box for _396385_.
Warning: jpeg_top_exact/netlist_yosys/jpeg_top.v line 406157, module $_XNOR_ not found. Creating black box for _397563_.
Power report:

['Group                   Internal   Switching     Leakage       Total\n', '                           Power       Power       Power       Power (Watts)\n', '--------------------------------------------------------------------\n', 'Sequential           6.71452e-12 1.99205e-17 1.67018e-03 1.67018e-03 100.0%\n', 'Combinational        0.00000e+00 0.00000e+00 0.00000e+00 0.00000e+00   0.0%\n', 'Macro                0.00000e+00 0.00000e+00 0.00000e+00 0.00000e+00   0.0%\n', 'Pad                  0.00000e+00 0.00000e+00 0.00000e+00 0.00000e+00   0.0%\n', '--------------------------------------------------------------------\n', 'Total                6.71452e-12 1.99205e-17 1.67018e-03 1.67018e-03 100.0%\n', '                            0.0%        0.0%      100.0%\n']

Timing report:

['Startpoint                           Endpoint                                  Slack\n', '-----------------------------------------------------------------------------------\n', '_759967_/Q (DFFRNQ_X1)               _760455_/D (DFFRNQ_X1)                 10.58668\n', '\n']

