MAxPy: OpenSTA LOG

Command line:

sta cmd_file.sta

OpenSTA file:

read_liberty /home/ysba/MAxPy/src/MAxPy/pdk/NanGate15nm.lib
read_verilog results_a/jpeg_top_trunc0_12_DRUM_7/netlist_yosys/jpeg_top.v
link_design jpeg_top
report_power -digits 5 >power.rpt
report_checks -unconstrained -path_delay max -format summary -digits 5 >timing.rpt
exit


Log from stdout and stderr:

OpenSTA 2.4.0 1a02072d95 Copyright (c) 2021, Parallax Software, Inc.
License GPLv3: GNU GPL version 3 <http://gnu.org/licenses/gpl.html>

This is free software, and you are free to change and redistribute it
under certain conditions; type `show_copying' for details. 
This program comes with ABSOLUTELY NO WARRANTY; for details type `show_warranty'.
Power report:

['Group                   Internal   Switching     Leakage       Total\n', '                           Power       Power       Power       Power (Watts)\n', '--------------------------------------------------------------------\n', 'Sequential           8.89006e-12 2.15181e-12 1.46160e-03 1.46160e-03  35.5%\n', 'Combinational        2.30899e-10 4.30545e-11 2.65930e-03 2.65930e-03  64.6%\n', 'Macro                0.00000e+00 0.00000e+00 0.00000e+00 0.00000e+00   0.0%\n', 'Pad                  0.00000e+00 0.00000e+00 0.00000e+00 0.00000e+00   0.0%\n', '--------------------------------------------------------------------\n', 'Total                2.39804e-10 4.52084e-11 4.11945e-03 4.11945e-03 100.0%\n', '                            0.0%        0.0%      100.0%\n']

Timing report:

['Startpoint                           Endpoint                                  Slack\n', '-----------------------------------------------------------------------------------\n', 'rst (input)                          _493201_/D (DFFRNQ_X1)               27518.16016\n', '\n']

